www.armmicrocomp.com
admin@armmicrocomp.com
.default
6
руб.
true
Оформлен заказ № #ORDER# на сайте #SITE#
false
{"last":"v3.8.0","final":"v5.3.1","disc":"\u041f\u043b\u0430\u043d\u043e\u0432\u044b\u0439 \u0440\u0435\u043b\u0438\u0437 \u043e\u0442 15 \u044f\u043d\u0432\u0430\u0440\u044f 2014 \u0433.","author":"\u041a\u043e\u043c\u0430\u043d\u0434\u0430 Moguta.CMS","dateActivateKey":"0000-00-00 00:00:00"}
1431288703
 Лучший магазин | Moguta.CMS
10
ru_RU
10
blue-theme
bg_7
20
30

true
true
true
150
50
false
<!-- В это поле необходимо прописать код счетчика посещаемости Вашего сайта. Например, Яндекс.Метрика или Google analytics -->
admin@armmicrocomp.com
0000-00-00 00:00:00
false
